[2025-04-05 16:18:01.431] [Xeno] [info] Version: Xeno - v1.1.7
[2025-04-05 16:18:01.431] [Xeno] [info] Logs stored in logs/2025-04-05_16-18-01.log
[2025-04-05 16:18:01.432] [Xeno] [debug] Client Checker thread: 0xf43a57d350
[2025-04-05 16:18:01.432] [Xeno] [debug] Xeno Caching thread: 0xf43a57d340
[2025-04-05 16:18:01.433] [Cache] [info] File: C:\Users\bp210\AppData\Local\Temp\XENO_CACHE.bin
[2025-04-05 16:18:01.433] [Xeno] [debug] WebSockets Cleaner thread: 0xf43a57d330
[2025-04-05 16:18:01.433] [Xeno] [debug] Xeno Server thread: 0xf43a57d320
[2025-04-05 16:18:01.433] [Cache] [info] Reattaching to cached client PID: 1768
[2025-04-05 16:18:01.433] [Cache] [info] Loaded cache: 1 RBXClients, 0 RBXBytecode, 0 RBXMFlags
[2025-04-05 16:18:01.433] [Xeno] [info] Creating new RBXClient: 1768
[2025-04-05 16:18:01.434] [RBXClient] [info] [1768]: Initializing...
[2025-04-05 16:18:01.434] [RBXClient] [info] [1768]: Version: version-347f4ac346734391
[2025-04-05 16:18:01.434] [Xeno] [debug] Created RBXClient instance @0x24f8fdd6d50
[2025-04-05 16:18:01.434] [Xeno] [info] Successfully created RBXClient: 1768
[2025-04-05 16:18:01.434] [Server] [info] Listening on http://localhost:3110
[2025-04-05 16:18:01.435] [RBXClient] [debug] [1768]: Getting RenderView...
[2025-04-05 16:18:01.447] [Xeno] [info] Terminated existing Xeno process: 8212
[2025-04-05 16:18:01.448] [Xeno] [info] Terminated existing Xeno process: 28044
[2025-04-05 16:18:02.216] [RBXClient] [debug] [1768]: String: 0x1d0633088d0
[2025-04-05 16:18:02.216] [RBXClient] [debug] [1768]: Renderview: 0x1cfe3248890
[2025-04-05 16:18:02.216] [RBXClient] [debug] [1768]: DataModel: 0x1d0333ebd60
[2025-04-05 16:18:02.220] [RBXClient] [debug] [1768]: LocalPlayer: 0x1d0526beff0
[2025-04-05 16:18:02.220] [RBXClient] [debug] [1768]: LocalPlayer Name: 'lcg93'
[2025-04-05 16:18:02.226] [RBXClient] [info] [1768]: Client was already attached; handling functions...
[2025-04-05 16:18:53.487] [Xeno] [info] Removed RBXClient: 1768
[2025-04-05 16:19:19.544] [Xeno] [info] Creating new RBXClient: 27088
[2025-04-05 16:19:19.544] [RBXClient] [info] [27088]: Initializing...
[2025-04-05 16:19:19.544] [RBXClient] [info] [27088]: Version: version-347f4ac346734391
[2025-04-05 16:19:19.544] [Xeno] [debug] Created RBXClient instance @0x24f8271b340
[2025-04-05 16:19:19.544] [Xeno] [info] Successfully created RBXClient: 27088
[2025-04-05 16:19:19.545] [RBXClient] [debug] [27088]: Getting RenderView...
[2025-04-05 16:19:20.063] [RBXClient] [debug] [27088]: String: 0x203752e5c90
[2025-04-05 16:19:20.063] [RBXClient] [debug] [27088]: Renderview: 0x2032aafceb0
[2025-04-05 16:19:20.064] [RBXClient] [debug] [27088]: DataModel: 0x20329ff0530
[2025-04-05 16:19:20.071] [RBXClient] [debug] [27088]: LocalPlayer: 0x20376001eb0
[2025-04-05 16:19:20.072] [RBXClient] [debug] [27088]: LocalPlayer Name: 'lcg93'
[2025-04-05 16:19:20.108] [RBXClient] [debug] [27088]: EventConnection: 0x2036c8863a0
[2025-04-05 16:19:20.243] [RBXClient] [debug] [27088]: VRNavigation: 0x203794702e0
[2025-04-05 16:19:20.255] [RBXClient] [debug] [27088]: StyledTextLabel: 0x2036d64e910
[2025-04-05 16:19:20.378] [RBXClient] [info] [27088]: Hook set successfully
[2025-04-05 16:19:27.286] [RBXClient] [info] [27088]: Unhooked successfully after receiving ping from client
[2025-04-05 16:19:32.566] [WebSocket] [debug] Connection established for 'wss://as1-roblox-auth.luarmor.net:443/wshttpemu'
[2025-04-05 16:20:07.414] [WebSocket] [debug] Connection established for 'wss://as2-roblox-auth.luarmor.net:443/wshttpemu'
[2025-04-05 16:20:19.627] [WebSocket] [debug] WebSocket Closed for 'wss://as1-roblox-auth.luarmor.net:443/wshttpemu'
[2025-04-05 16:20:28.219] [WebSocket] [debug] Connection established for 'wss://as1-roblox-auth.luarmor.net:443/wshttpemu'
[2025-04-05 16:20:28.595] [WebSocket] [debug] Connection established for 'wss://as3-roblox-auth.luarmor.net:443/wshttpemu'
