[2025-03-26 23:27:07.019] [Xeno] [info] Version: Xeno - v1.1.6
[2025-03-26 23:27:07.019] [Xeno] [info] Logs stored in logs/2025-03-26_23-27-07.log
[2025-03-26 23:27:07.020] [Xeno] [debug] Client Checker thread: 0x4693f7d8d0
[2025-03-26 23:27:07.020] [Xeno] [debug] Xeno Caching thread: 0x4693f7d8c0
[2025-03-26 23:27:07.020] [Xeno] [debug] WebSockets Cleaner thread: 0x4693f7d8b0
[2025-03-26 23:27:07.020] [Xeno] [debug] Xeno Server thread: 0x4693f7d8a0
[2025-03-26 23:27:07.020] [Cache] [info] File: C:\Users\bp210\AppData\Local\Temp\XENO_CACHE.bin
[2025-03-26 23:27:07.020] [Cache] [info] Loaded cache: 0 RBXClients, 0 RBXBytecode, 0 RBXMFlags
[2025-03-26 23:27:07.020] [Server] [info] Listening on http://localhost:3110
[2025-03-26 23:27:07.256] [Xeno] [info] Creating new RBXClient: 18136
[2025-03-26 23:27:07.256] [RBXClient] [info] [18136]: Initializing...
[2025-03-26 23:27:07.256] [RBXClient] [info] [18136]: Version: version-bef193a8f3d14d3c
[2025-03-26 23:27:07.256] [Xeno] [debug] Created RBXClient instance @0x23b026a07a0
[2025-03-26 23:27:07.256] [Xeno] [info] Successfully created RBXClient: 18136
[2025-03-26 23:27:07.257] [RBXClient] [debug] [18136]: Getting RenderView...
[2025-03-26 23:27:07.558] [RBXClient] [debug] [18136]: String: 0x2476a71c8c0
[2025-03-26 23:27:07.558] [RBXClient] [debug] [18136]: Renderview: 0x2472129d880
[2025-03-26 23:27:07.559] [RBXClient] [debug] [18136]: DataModel: 0x2476e78c3e0
[2025-03-26 23:27:07.562] [RBXClient] [debug] [18136]: LocalPlayer: 0x2476f580ad0
[2025-03-26 23:27:07.562] [RBXClient] [debug] [18136]: LocalPlayer Name: 'lcg93'
[2025-03-26 23:27:07.577] [RBXClient] [debug] [18136]: EventConnection: 0x24767e70fd0
[2025-03-26 23:27:07.704] [RBXClient] [debug] [18136]: VRNavigation: 0x2477941a040
[2025-03-26 23:27:07.716] [RBXClient] [debug] [18136]: StyledTextLabel: 0x247695d7110
[2025-03-26 23:27:07.813] [RBXClient] [info] [18136]: Hook set successfully
[2025-03-26 23:27:26.703] [Execution] [error] [18136]: Could not find a CoreModule
[2025-03-26 23:27:30.953] [RBXClient] [info] [18136]: Unhooked successfully after receiving ping from client
[2025-03-26 23:27:44.538] [WebSocket] [debug] Connection established for 'wss://as2-roblox-auth.luarmor.net:443/wshttpemu'
[2025-03-26 23:27:45.281] [WebSocket] [debug] Connection established for 'wss://as2-roblox-auth.luarmor.net:443/wshttpemu'
[2025-03-26 23:27:49.427] [Xeno] [info] Removed RBXClient: 18136
[2025-03-26 23:27:49.727] [WebSocket] [debug] WebSocket Closed for 'wss://as2-roblox-auth.luarmor.net:443/wshttpemu'
[2025-03-26 23:27:50.028] [WebSocket] [debug] WebSocket Closed for 'wss://as2-roblox-auth.luarmor.net:443/wshttpemu'
[2025-03-26 23:27:55.698] [Xeno] [info] Creating new RBXClient: 32936
[2025-03-26 23:27:55.698] [RBXClient] [info] [32936]: Initializing...
[2025-03-26 23:27:55.698] [RBXClient] [info] [32936]: Version: version-bef193a8f3d14d3c
[2025-03-26 23:27:55.698] [Xeno] [debug] Created RBXClient instance @0x23b1e1bf680
[2025-03-26 23:27:55.698] [Xeno] [info] Successfully created RBXClient: 32936
[2025-03-26 23:27:55.699] [RBXClient] [info] [32936]: Waiting for Client Window
[2025-03-26 23:27:59.386] [RBXClient] [info] [32936]: Found client window
[2025-03-26 23:27:59.386] [RBXClient] [debug] [32936]: Getting RenderView...
[2025-03-26 23:27:59.537] [RBXClient] [debug] [32936]: String: 0x134aaefff40
[2025-03-26 23:27:59.537] [RBXClient] [debug] [32936]: Renderview: 0x13481363290
[2025-03-26 23:27:59.539] [RBXClient] [debug] [32936]: DataModel: 0x134f944fc20
[2025-03-26 23:27:59.545] [RBXClient] [debug] [32936]: LocalPlayer: 0x134fe801f00
[2025-03-26 23:27:59.545] [RBXClient] [info] [32936]: Waiting for LocalPlayer to load...
[2025-03-26 23:27:59.754] [RBXClient] [debug] [32936]: LocalPlayer Name: 'lcg93'
[2025-03-26 23:27:59.770] [RBXClient] [critical] [32936]: Could not find EventConnection
