[2025-03-26 23:26:25.351] [Xeno] [info] Version: Xeno - v1.1.6
[2025-03-26 23:26:25.352] [Xeno] [info] Logs stored in logs/2025-03-26_23-26-25.log
[2025-03-26 23:26:25.353] [Xeno] [debug] Client Checker thread: 0x5b9997d8a0
[2025-03-26 23:26:25.353] [Xeno] [debug] Xeno Caching thread: 0x5b9997d890
[2025-03-26 23:26:25.353] [Xeno] [debug] WebSockets Cleaner thread: 0x5b9997d880
[2025-03-26 23:26:25.353] [Xeno] [debug] Xeno Server thread: 0x5b9997d870
[2025-03-26 23:26:25.353] [Cache] [info] File: C:\Users\bp210\AppData\Local\Temp\XENO_CACHE.bin
[2025-03-26 23:26:25.354] [Cache] [info] Reattaching to cached client PID: 28100
[2025-03-26 23:26:25.355] [Server] [info] Listening on http://localhost:3110
[2025-03-26 23:26:25.355] [Cache] [info] Loaded cache: 1 RBXClients, 0 RBXBytecode, 0 RBXMFlags
[2025-03-26 23:26:25.355] [Xeno] [info] Creating new RBXClient: 28100
[2025-03-26 23:26:25.356] [RBXClient] [info] [28100]: Initializing...
[2025-03-26 23:26:25.356] [RBXClient] [info] [28100]: Version: version-bef193a8f3d14d3c
[2025-03-26 23:26:25.356] [Xeno] [debug] Created RBXClient instance @0x1c0001c81b0
[2025-03-26 23:26:25.356] [Xeno] [info] Successfully created RBXClient: 28100
[2025-03-26 23:26:25.357] [RBXClient] [debug] [28100]: Getting RenderView...
[2025-03-26 23:26:25.368] [Xeno] [info] Terminated existing Xeno process: 18960
[2025-03-26 23:26:25.775] [RBXClient] [debug] [28100]: String: 0x1c293240470
[2025-03-26 23:26:25.775] [RBXClient] [debug] [28100]: Renderview: 0x1c27b0d52d0
[2025-03-26 23:26:25.775] [RBXClient] [debug] [28100]: DataModel: 0x1c27f22c6e0
[2025-03-26 23:26:25.779] [RBXClient] [debug] [28100]: LocalPlayer: 0x1c28e3a8590
[2025-03-26 23:26:25.780] [RBXClient] [debug] [28100]: LocalPlayer Name: 'lcg93'
[2025-03-26 23:26:25.786] [RBXClient] [info] [28100]: Client was already attached; handling functions...
[2025-03-26 23:26:41.175] [Xeno] [info] Removed RBXClient: 28100
[2025-03-26 23:26:41.186] [Xeno] [info] Removing RBXClient 28100 from InitializedClients
