[2025-04-06 20:11:43.746] [Xeno] [info] Version: Xeno - v1.1.7
[2025-04-06 20:11:43.746] [Xeno] [info] Logs stored in logs/2025-04-06_20-11-43.log
[2025-04-06 20:11:43.747] [Xeno] [debug] Client Checker thread: 0x9a857d410
[2025-04-06 20:11:43.747] [Xeno] [debug] Xeno Caching thread: 0x9a857d400
[2025-04-06 20:11:43.747] [Xeno] [debug] WebSockets Cleaner thread: 0x9a857d3f0
[2025-04-06 20:11:43.747] [Cache] [info] File: C:\Users\bp210\AppData\Local\Temp\XENO_CACHE.bin
[2025-04-06 20:11:43.747] [Xeno] [debug] Xeno Server thread: 0x9a857d3e0
[2025-04-06 20:11:43.748] [Cache] [info] Reattaching to cached client PID: 2992
[2025-04-06 20:11:43.755] [Cache] [info] Loaded cache: 1 RBXClients, 0 RBXBytecode, 0 RBXMFlags
[2025-04-06 20:11:43.748] [Server] [info] Listening on http://localhost:3110
[2025-04-06 20:11:43.761] [Xeno] [info] Creating new RBXClient: 2992
[2025-04-06 20:11:43.761] [RBXClient] [info] [2992]: Initializing...
[2025-04-06 20:11:43.761] [RBXClient] [info] [2992]: Version: version-347f4ac346734391
[2025-04-06 20:11:43.761] [Xeno] [debug] Created RBXClient instance @0x12be4c5c4d0
[2025-04-06 20:11:43.761] [Xeno] [info] Successfully created RBXClient: 2992
[2025-04-06 20:11:43.765] [RBXClient] [debug] [2992]: Getting RenderView...
[2025-04-06 20:11:43.768] [Xeno] [info] Terminated existing Xeno process: 21820
[2025-04-06 20:11:43.946] [RBXClient] [debug] [2992]: String: 0x2551e191570
[2025-04-06 20:11:43.946] [RBXClient] [debug] [2992]: Renderview: 0x255544d75e0
[2025-04-06 20:11:43.947] [RBXClient] [debug] [2992]: DataModel: 0x2557f6841a0
[2025-04-06 20:11:43.953] [RBXClient] [debug] [2992]: LocalPlayer: 0x2552805e980
[2025-04-06 20:11:43.953] [RBXClient] [debug] [2992]: LocalPlayer Name: 'lcg93'
[2025-04-06 20:11:43.964] [RBXClient] [info] [2992]: Client was already attached; handling functions...
