[2025-04-08 19:51:26.693] [Xeno] [info] Version: Xeno - v1.1.7
[2025-04-08 19:51:26.693] [Xeno] [info] Logs stored in logs/2025-04-08_19-51-26.log
[2025-04-08 19:51:26.693] [Xeno] [debug] Client Checker thread: 0xb2c3fd300
[2025-04-08 19:51:26.693] [Xeno] [debug] Xeno Caching thread: 0xb2c3fd2f0
[2025-04-08 19:51:26.693] [Xeno] [debug] WebSockets Cleaner thread: 0xb2c3fd2e0
[2025-04-08 19:51:26.694] [Xeno] [debug] Xeno Server thread: 0xb2c3fd2d0
[2025-04-08 19:51:26.694] [Cache] [info] File: C:\Users\bp210\AppData\Local\Temp\XENO_CACHE.bin
[2025-04-08 19:51:26.694] [Cache] [info] Reattaching to cached client PID: 19600
[2025-04-08 19:51:26.694] [Server] [info] Listening on http://localhost:3110
[2025-04-08 19:51:26.695] [Cache] [info] Loaded cache: 1 RBXClients, 0 RBXBytecode, 0 RBXMFlags
[2025-04-08 19:51:26.695] [Xeno] [info] Creating new RBXClient: 19600
[2025-04-08 19:51:26.695] [RBXClient] [info] [19600]: Initializing...
[2025-04-08 19:51:26.695] [RBXClient] [info] [19600]: Version: version-347f4ac346734391
[2025-04-08 19:51:26.695] [Xeno] [debug] Created RBXClient instance @0x1ea5016d6f0
[2025-04-08 19:51:26.695] [Xeno] [info] Successfully created RBXClient: 19600
[2025-04-08 19:51:26.696] [RBXClient] [debug] [19600]: Getting RenderView...
[2025-04-08 19:51:26.703] [Xeno] [info] Terminated existing Xeno process: 14908
[2025-04-08 19:51:26.871] [RBXClient] [debug] [19600]: String: 0x2461d5727c0
[2025-04-08 19:51:26.871] [RBXClient] [debug] [19600]: Renderview: 0x246532d4b20
[2025-04-08 19:51:26.871] [RBXClient] [debug] [19600]: DataModel: 0x2461fac5670
[2025-04-08 19:51:26.874] [RBXClient] [debug] [19600]: LocalPlayer: 0x24621442600
[2025-04-08 19:51:26.874] [RBXClient] [debug] [19600]: LocalPlayer Name: 'lcg93'
[2025-04-08 19:51:26.880] [RBXClient] [info] [19600]: Client was already attached; handling functions...
[2025-04-08 19:52:03.276] [Xeno] [info] Removed RBXClient: 19600
[2025-04-08 19:52:11.669] [Xeno] [info] Creating new RBXClient: 26628
[2025-04-08 19:52:11.669] [RBXClient] [info] [26628]: Initializing...
[2025-04-08 19:52:11.669] [RBXClient] [info] [26628]: Version: version-347f4ac346734391
[2025-04-08 19:52:11.669] [Xeno] [debug] Created RBXClient instance @0x1ea1da01460
[2025-04-08 19:52:11.669] [Xeno] [info] Successfully created RBXClient: 26628
[2025-04-08 19:52:11.670] [RBXClient] [debug] [26628]: Getting RenderView...
[2025-04-08 19:52:11.770] [RBXClient] [debug] [26628]: String: 0x219b50d46d0
[2025-04-08 19:52:11.770] [RBXClient] [debug] [26628]: Renderview: 0x21989285f00
[2025-04-08 19:52:11.771] [RBXClient] [debug] [26628]: DataModel: 0x21982487b50
[2025-04-08 19:52:11.774] [RBXClient] [debug] [26628]: LocalPlayer: 0x21986cdece0
[2025-04-08 19:52:11.774] [RBXClient] [debug] [26628]: LocalPlayer Name: 'lcg93'
[2025-04-08 19:52:12.026] [RBXClient] [debug] [26628]: EventConnectionEmbedded: 0x219d13afc70
[2025-04-08 19:52:12.026] [RBXClient] [info] [26628]: Bytecode has been successfully set in menu.
[2025-04-08 19:52:53.982] [WebSocket] [debug] Connection established for 'wss://as2-roblox-auth.luarmor.net:443/wshttpemu'
[2025-04-08 19:52:58.726] [Server] [error] Encountered an exception: create_directory: unknown error: "Lunor/AC"
[2025-04-08 19:52:58.759] [Server] [error] Encountered an exception: create_directory: unknown error: "Lunor/AC/settings"
[2025-04-08 19:53:00.292] [Server] [error] Encountered an exception: create_directory: unknown error: "Lunor/AC"
[2025-04-08 19:53:00.326] [Server] [error] Encountered an exception: create_directory: unknown error: "Lunor/AC/settings"
[2025-04-08 20:00:04.308] [WebSocket] [debug] WebSocket Closed for 'wss://as2-roblox-auth.luarmor.net:443/wshttpemu'
[2025-04-08 20:00:14.570] [WebSocket] [debug] Connection established for 'wss://au1-roblox-auth.luarmor.net:443/wshttpemu'
[2025-04-08 20:01:02.281] [WebSocket] [debug] WebSocket Closed for 'wss://au1-roblox-auth.luarmor.net:443/wshttpemu'
[2025-04-08 20:13:51.504] [Xeno] [info] Removed RBXClient: 26628
[2025-04-08 20:59:35.095] [Xeno] [info] Creating new RBXClient: 16780
[2025-04-08 20:59:35.095] [RBXClient] [info] [16780]: Initializing...
[2025-04-08 20:59:35.095] [RBXClient] [info] [16780]: Version: version-347f4ac346734391
[2025-04-08 20:59:35.095] [Xeno] [debug] Created RBXClient instance @0x1ea1db111b0
[2025-04-08 20:59:35.095] [Xeno] [info] Successfully created RBXClient: 16780
[2025-04-08 20:59:35.096] [RBXClient] [debug] [16780]: Getting RenderView...
[2025-04-08 20:59:35.294] [RBXClient] [debug] [16780]: String: 0x21a2288b170
[2025-04-08 20:59:35.294] [RBXClient] [debug] [16780]: Renderview: 0x21a584adfa0
[2025-04-08 20:59:35.295] [RBXClient] [debug] [16780]: DataModel: 0x21a26440b20
[2025-04-08 20:59:35.298] [RBXClient] [debug] [16780]: LocalPlayer: 0x21a2b5a1840
[2025-04-08 20:59:35.299] [RBXClient] [debug] [16780]: LocalPlayer Name: 'lcg93'
[2025-04-08 20:59:35.313] [RBXClient] [debug] [16780]: EventConnection: 0x21a201714f0
[2025-04-08 20:59:35.389] [RBXClient] [debug] [16780]: VRNavigation: 0x21a3438d350
[2025-04-08 20:59:35.395] [RBXClient] [debug] [16780]: StyledTextLabel: 0x21a1eb31f50
[2025-04-08 20:59:35.464] [RBXClient] [info] [16780]: Hook set successfully
[2025-04-08 20:59:36.603] [RBXClient] [info] [16780]: Unhooked successfully after receiving ping from client
[2025-04-08 20:59:52.013] [WebSocket] [debug] Connection established for 'wss://au2-roblox-auth.luarmor.net:443/wshttpemu'
[2025-04-08 20:59:56.279] [Server] [error] Encountered an exception: create_directory: unknown error: "Lunor/AC"
[2025-04-08 20:59:56.314] [Server] [error] Encountered an exception: create_directory: unknown error: "Lunor/AC/settings"
[2025-04-08 20:59:57.846] [Server] [error] Encountered an exception: create_directory: unknown error: "Lunor/AC"
[2025-04-08 20:59:57.878] [Server] [error] Encountered an exception: create_directory: unknown error: "Lunor/AC/settings"
[2025-04-08 22:02:01.780] [WebSocket] [debug] WebSocket Closed for 'wss://au2-roblox-auth.luarmor.net:443/wshttpemu'
[2025-04-08 22:02:10.422] [Xeno] [info] Removed RBXClient: 16780
[2025-04-08 22:02:27.435] [Xeno] [info] Creating new RBXClient: 15120
[2025-04-08 22:02:27.435] [RBXClient] [info] [15120]: Initializing...
[2025-04-08 22:02:27.435] [RBXClient] [info] [15120]: Version: version-347f4ac346734391
[2025-04-08 22:02:27.435] [Xeno] [debug] Created RBXClient instance @0x1ea1db0eab0
[2025-04-08 22:02:27.435] [Xeno] [info] Successfully created RBXClient: 15120
[2025-04-08 22:02:27.436] [RBXClient] [debug] [15120]: Getting RenderView...
[2025-04-08 22:02:27.755] [RBXClient] [debug] [15120]: String: 0x1bf7be698e0
[2025-04-08 22:02:27.755] [RBXClient] [debug] [15120]: Renderview: 0x1bf598b1350
[2025-04-08 22:02:27.756] [RBXClient] [debug] [15120]: DataModel: 0x1bf25baca60
[2025-04-08 22:02:27.758] [RBXClient] [debug] [15120]: LocalPlayer: 0x1bf26f1b440
[2025-04-08 22:02:27.758] [RBXClient] [debug] [15120]: LocalPlayer Name: 'lcg93'
[2025-04-08 22:02:27.769] [RBXClient] [debug] [15120]: EventConnection: 0x1bf23f05020
[2025-04-08 22:02:27.834] [RBXClient] [debug] [15120]: VRNavigation: 0x1bf30c5b070
[2025-04-08 22:02:27.840] [RBXClient] [debug] [15120]: StyledTextLabel: 0x1bf24393c10
[2025-04-08 22:02:27.910] [RBXClient] [info] [15120]: Hook set successfully
[2025-04-08 22:02:28.064] [RBXClient] [info] [15120]: Unhooked successfully after receiving ping from client
[2025-04-08 22:02:34.496] [WebSocket] [debug] Connection established for 'wss://au2-roblox-auth.luarmor.net:443/wshttpemu'
[2025-04-08 22:02:47.776] [WebSocket] [debug] Connection established for 'wss://au2-roblox-auth.luarmor.net:443/wshttpemu'
[2025-04-08 22:02:48.786] [WebSocket] [debug] Connection established for 'wss://as3-roblox-auth.luarmor.net:443/wshttpemu'
[2025-04-08 22:02:52.396] [Server] [error] Encountered an exception: create_directory: unknown error: "Lunor/AC"
[2025-04-08 22:02:52.422] [Server] [error] Encountered an exception: create_directory: unknown error: "Lunor/AC/settings"
[2025-04-08 22:02:53.956] [Server] [error] Encountered an exception: create_directory: unknown error: "Lunor/AC"
[2025-04-08 22:02:53.988] [Server] [error] Encountered an exception: create_directory: unknown error: "Lunor/AC/settings"
[2025-04-08 22:03:09.531] [WebSocket] [debug] WebSocket Closed for 'wss://as3-roblox-auth.luarmor.net:443/wshttpemu'
[2025-04-08 22:03:13.067] [Xeno] [info] Removed RBXClient: 15120
[2025-04-08 22:03:13.367] [WebSocket] [debug] WebSocket Closed for 'wss://au2-roblox-auth.luarmor.net:443/wshttpemu'
[2025-04-08 22:03:13.667] [WebSocket] [debug] WebSocket Closed for 'wss://au2-roblox-auth.luarmor.net:443/wshttpemu'
[2025-04-08 22:03:40.114] [Xeno] [info] Creating new RBXClient: 25576
[2025-04-08 22:03:40.114] [RBXClient] [info] [25576]: Initializing...
[2025-04-08 22:03:40.114] [RBXClient] [info] [25576]: Version: version-347f4ac346734391
[2025-04-08 22:03:40.114] [Xeno] [debug] Created RBXClient instance @0x1ea1db116b0
[2025-04-08 22:03:40.114] [Xeno] [info] Successfully created RBXClient: 25576
[2025-04-08 22:03:40.115] [RBXClient] [debug] [25576]: Getting RenderView...
[2025-04-08 22:03:40.424] [RBXClient] [debug] [25576]: String: 0x2185fde9fd0
[2025-04-08 22:03:40.424] [RBXClient] [debug] [25576]: Renderview: 0x2186345c850
[2025-04-08 22:03:40.424] [RBXClient] [debug] [25576]: DataModel: 0x218322e6dd0
[2025-04-08 22:03:40.426] [RBXClient] [debug] [25576]: LocalPlayer: 0x21831452340
[2025-04-08 22:03:40.427] [RBXClient] [debug] [25576]: LocalPlayer Name: 'lcg93'
[2025-04-08 22:03:40.436] [RBXClient] [debug] [25576]: EventConnection: 0x2182c14a830
[2025-04-08 22:03:40.497] [RBXClient] [debug] [25576]: VRNavigation: 0x21837e048d0
[2025-04-08 22:03:40.501] [RBXClient] [debug] [25576]: StyledTextLabel: 0x2182cf1cea0
[2025-04-08 22:03:40.559] [RBXClient] [info] [25576]: Hook set successfully
[2025-04-08 22:03:40.768] [RBXClient] [info] [25576]: Unhooked successfully after receiving ping from client
[2025-04-08 22:03:45.093] [WebSocket] [debug] Connection established for 'wss://au2-roblox-auth.luarmor.net:443/wshttpemu'
[2025-04-08 22:04:11.055] [Xeno] [info] Removed RBXClient: 25576
[2025-04-08 22:04:11.356] [WebSocket] [debug] WebSocket Closed for 'wss://au2-roblox-auth.luarmor.net:443/wshttpemu'
