[2025-04-05 16:20:43.536] [Xeno] [info] Version: Xeno - v1.1.7
[2025-04-05 16:20:43.536] [Xeno] [info] Logs stored in logs/2025-04-05_16-20-43.log
[2025-04-05 16:20:43.537] [Xeno] [debug] Client Checker thread: 0xfc0077d8f0
[2025-04-05 16:20:43.538] [Xeno] [debug] Xeno Caching thread: 0xfc0077d8e0
[2025-04-05 16:20:43.538] [Xeno] [debug] WebSockets Cleaner thread: 0xfc0077d8d0
[2025-04-05 16:20:43.538] [Xeno] [debug] Xeno Server thread: 0xfc0077d8c0
[2025-04-05 16:20:43.538] [Cache] [info] File: C:\Users\bp210\AppData\Local\Temp\XENO_CACHE.bin
[2025-04-05 16:20:43.538] [Cache] [info] Reattaching to cached client PID: 27088
[2025-04-05 16:20:43.540] [Cache] [info] Loaded cache: 1 RBXClients, 0 RBXBytecode, 5 RBXMFlags
[2025-04-05 16:20:43.540] [Xeno] [info] Creating new RBXClient: 27088
[2025-04-05 16:20:43.540] [RBXClient] [info] [27088]: Initializing...
[2025-04-05 16:20:43.540] [RBXClient] [info] [27088]: Version: version-347f4ac346734391
[2025-04-05 16:20:43.540] [Xeno] [debug] Created RBXClient instance @0x25c02621770
[2025-04-05 16:20:43.540] [Server] [info] Listening on http://localhost:3110
[2025-04-05 16:20:43.540] [Xeno] [info] Successfully created RBXClient: 27088
[2025-04-05 16:20:43.541] [RBXClient] [debug] [27088]: Getting RenderView...
[2025-04-05 16:20:43.553] [Xeno] [info] Terminated existing Xeno process: 10752
[2025-04-05 16:20:43.939] [RBXClient] [debug] [27088]: String: 0x203752e5c90
[2025-04-05 16:20:43.940] [RBXClient] [debug] [27088]: Renderview: 0x2032aafceb0
[2025-04-05 16:20:43.940] [RBXClient] [debug] [27088]: DataModel: 0x20329ff0530
[2025-04-05 16:20:43.948] [RBXClient] [debug] [27088]: LocalPlayer: 0x20376001eb0
[2025-04-05 16:20:43.948] [RBXClient] [debug] [27088]: LocalPlayer Name: 'lcg93'
[2025-04-05 16:20:43.962] [RBXClient] [info] [27088]: Client was already attached; handling functions...
