[2025-04-06 20:11:11.062] [Xeno] [info] Version: Xeno - v1.1.7
[2025-04-06 20:11:11.062] [Xeno] [info] Logs stored in logs/2025-04-06_20-11-11.log
[2025-04-06 20:11:11.063] [Xeno] [debug] Client Checker thread: 0x583fdfd560
[2025-04-06 20:11:11.063] [Xeno] [debug] Xeno Caching thread: 0x583fdfd550
[2025-04-06 20:11:11.063] [Xeno] [debug] WebSockets Cleaner thread: 0x583fdfd540
[2025-04-06 20:11:11.063] [Xeno] [debug] Xeno Server thread: 0x583fdfd530
[2025-04-06 20:11:11.063] [Cache] [info] File: C:\Users\bp210\AppData\Local\Temp\XENO_CACHE.bin
[2025-04-06 20:11:11.064] [Cache] [info] Reattaching to cached client PID: 2992
[2025-04-06 20:11:11.064] [Cache] [info] Loaded cache: 1 RBXClients, 0 RBXBytecode, 0 RBXMFlags
[2025-04-06 20:11:11.064] [Xeno] [info] Creating new RBXClient: 2992
[2025-04-06 20:11:11.064] [Server] [info] Listening on http://localhost:3110
[2025-04-06 20:11:11.064] [RBXClient] [info] [2992]: Initializing...
[2025-04-06 20:11:11.064] [RBXClient] [info] [2992]: Version: version-347f4ac346734391
[2025-04-06 20:11:11.064] [Xeno] [debug] Created RBXClient instance @0x201e4bcc7f0
[2025-04-06 20:11:11.064] [Xeno] [info] Successfully created RBXClient: 2992
[2025-04-06 20:11:11.065] [RBXClient] [debug] [2992]: Getting RenderView...
[2025-04-06 20:11:11.215] [RBXClient] [debug] [2992]: String: 0x2551e191570
[2025-04-06 20:11:11.215] [RBXClient] [debug] [2992]: Renderview: 0x255544d75e0
[2025-04-06 20:11:11.215] [RBXClient] [debug] [2992]: DataModel: 0x2557f6841a0
[2025-04-06 20:11:11.218] [RBXClient] [debug] [2992]: LocalPlayer: 0x2552805e980
[2025-04-06 20:11:11.218] [RBXClient] [debug] [2992]: LocalPlayer Name: 'lcg93'
[2025-04-06 20:11:11.223] [RBXClient] [info] [2992]: Client was already attached; handling functions...
[2025-04-06 20:11:25.823] [WebSocket] [debug] Connection established for 'wss://as2-roblox-auth.luarmor.net:443/wshttpemu'
[2025-04-06 20:11:26.663] [WebSocket] [debug] Connection established for 'wss://as1-roblox-auth.luarmor.net:443/wshttpemu'
