[2025-04-07 20:14:56.267] [Xeno] [info] Version: Xeno - v1.1.7
[2025-04-07 20:14:56.267] [Xeno] [info] Logs stored in logs/2025-04-07_20-14-56.log
[2025-04-07 20:14:56.268] [Xeno] [debug] Client Checker thread: 0xcd0cb7d640
[2025-04-07 20:14:56.269] [Xeno] [debug] Xeno Caching thread: 0xcd0cb7d630
[2025-04-07 20:14:56.269] [Xeno] [debug] WebSockets Cleaner thread: 0xcd0cb7d620
[2025-04-07 20:14:56.269] [Xeno] [debug] Xeno Server thread: 0xcd0cb7d610
[2025-04-07 20:14:56.269] [Cache] [info] File: C:\Users\bp210\AppData\Local\Temp\XENO_CACHE.bin
[2025-04-07 20:14:56.269] [Cache] [info] Loaded cache: 0 RBXClients, 0 RBXBytecode, 0 RBXMFlags
[2025-04-07 20:14:56.270] [Server] [info] Listening on http://localhost:3110
[2025-04-07 20:15:18.057] [Xeno] [info] Creating new RBXClient: 33404
[2025-04-07 20:15:18.057] [RBXClient] [info] [33404]: Initializing...
[2025-04-07 20:15:18.057] [RBXClient] [info] [33404]: Version: version-347f4ac346734391
[2025-04-07 20:15:18.057] [Xeno] [debug] Created RBXClient instance @0x26a026db7c0
[2025-04-07 20:15:18.057] [Xeno] [info] Successfully created RBXClient: 33404
[2025-04-07 20:15:18.058] [RBXClient] [debug] [33404]: Getting RenderView...
[2025-04-07 20:15:18.349] [RBXClient] [debug] [33404]: String: 0x12576544600
[2025-04-07 20:15:18.350] [RBXClient] [debug] [33404]: Renderview: 0x12538b587f0
[2025-04-07 20:15:18.350] [RBXClient] [debug] [33404]: DataModel: 0x125767d2ee0
[2025-04-07 20:15:18.355] [RBXClient] [debug] [33404]: LocalPlayer: 0x1257689a590
[2025-04-07 20:15:18.355] [RBXClient] [debug] [33404]: LocalPlayer Name: 'lcg93'
[2025-04-07 20:15:18.367] [RBXClient] [debug] [33404]: EventConnection: 0x1257831a120
[2025-04-07 20:15:18.435] [RBXClient] [debug] [33404]: VRNavigation: 0x1250961d5c0
[2025-04-07 20:15:18.439] [RBXClient] [debug] [33404]: StyledTextLabel: 0x12577e8c6c0
[2025-04-07 20:15:18.501] [RBXClient] [info] [33404]: Hook set successfully
[2025-04-07 20:15:23.092] [Execution] [error] [33404]: Could not find a CoreModule
[2025-04-07 20:15:45.639] [Execution] [error] [33404]: Could not find a CoreModule
[2025-04-07 20:15:45.813] [Execution] [error] [33404]: Could not find a CoreModule
[2025-04-07 20:15:46.369] [RBXClient] [info] [33404]: Unhooked successfully after receiving ping from client
[2025-04-07 20:15:59.086] [WebSocket] [debug] Connection established for 'wss://au2-roblox-auth.luarmor.net:443/wshttpemu'
[2025-04-07 20:16:49.483] [WebSocket] [debug] WebSocket Closed for 'wss://au2-roblox-auth.luarmor.net:443/wshttpemu'
[2025-04-07 20:17:09.449] [WebSocket] [debug] Connection established for 'wss://as3-roblox-auth.luarmor.net:443/wshttpemu'
[2025-04-07 20:17:09.721] [WebSocket] [debug] Connection established for 'wss://as2-roblox-auth.luarmor.net:443/wshttpemu'
[2025-04-07 20:17:13.169] [Server] [error] Encountered an exception: create_directory: unknown error: "Lunor/AC"
[2025-04-07 20:17:13.199] [Server] [error] Encountered an exception: create_directory: unknown error: "Lunor/AC/settings"
[2025-04-07 20:17:14.930] [Server] [error] Encountered an exception: create_directory: unknown error: "Lunor/AC"
[2025-04-07 20:17:14.967] [Server] [error] Encountered an exception: create_directory: unknown error: "Lunor/AC/settings"
[2025-04-07 20:18:00.095] [WebSocket] [debug] WebSocket Closed for 'wss://as2-roblox-auth.luarmor.net:443/wshttpemu'
[2025-04-07 20:19:26.810] [WebSocket] [debug] WebSocket Closed for 'wss://as3-roblox-auth.luarmor.net:443/wshttpemu'
[2025-04-07 20:19:31.055] [Xeno] [info] Removed RBXClient: 33404
[2025-04-07 20:19:46.249] [Xeno] [info] Creating new RBXClient: 6724
[2025-04-07 20:19:46.249] [RBXClient] [info] [6724]: Initializing...
[2025-04-07 20:19:46.249] [RBXClient] [info] [6724]: Version: version-347f4ac346734391
[2025-04-07 20:19:46.249] [Xeno] [debug] Created RBXClient instance @0x26a1dd5ad60
[2025-04-07 20:19:46.249] [Xeno] [info] Successfully created RBXClient: 6724
[2025-04-07 20:19:46.250] [RBXClient] [debug] [6724]: Getting RenderView...
[2025-04-07 20:19:46.485] [RBXClient] [debug] [6724]: String: 0x121df738660
[2025-04-07 20:19:46.486] [RBXClient] [debug] [6724]: Renderview: 0x121be4991e0
[2025-04-07 20:19:46.486] [RBXClient] [debug] [6724]: DataModel: 0x121817e9e30
[2025-04-07 20:19:46.488] [RBXClient] [debug] [6724]: LocalPlayer: 0x12189441070
[2025-04-07 20:19:46.489] [RBXClient] [debug] [6724]: LocalPlayer Name: 'lcg93'
[2025-04-07 20:19:46.498] [RBXClient] [debug] [6724]: EventConnection: 0x12184811260
[2025-04-07 20:19:46.567] [RBXClient] [debug] [6724]: VRNavigation: 0x12191564770
[2025-04-07 20:19:46.572] [RBXClient] [debug] [6724]: StyledTextLabel: 0x12184c23040
[2025-04-07 20:19:46.636] [RBXClient] [info] [6724]: Hook set successfully
[2025-04-07 20:23:58.424] [RBXClient] [info] [6724]: Unhooked successfully after receiving ping from client
[2025-04-07 20:24:15.499] [Xeno] [info] Removed RBXClient: 6724
[2025-04-07 20:24:43.515] [Xeno] [info] Creating new RBXClient: 25956
[2025-04-07 20:24:43.515] [RBXClient] [info] [25956]: Initializing...
[2025-04-07 20:24:43.516] [RBXClient] [info] [25956]: Version: version-347f4ac346734391
[2025-04-07 20:24:43.516] [Xeno] [debug] Created RBXClient instance @0x26a1dd59a60
[2025-04-07 20:24:43.516] [Xeno] [info] Successfully created RBXClient: 25956
[2025-04-07 20:24:43.516] [RBXClient] [debug] [25956]: Getting RenderView...
[2025-04-07 20:24:43.678] [RBXClient] [debug] [25956]: String: 0x12e202508a0
[2025-04-07 20:24:43.678] [RBXClient] [debug] [25956]: Renderview: 0x12e6323a9d0
[2025-04-07 20:24:43.678] [RBXClient] [debug] [25956]: DataModel: 0x12e2f210cc0
[2025-04-07 20:24:43.681] [RBXClient] [debug] [25956]: LocalPlayer: 0x12e2cafe8a0
[2025-04-07 20:24:43.681] [RBXClient] [debug] [25956]: LocalPlayer Name: 'lcg93'
[2025-04-07 20:24:43.692] [RBXClient] [debug] [25956]: EventConnection: 0x12e293d73d0
[2025-04-07 20:24:43.753] [RBXClient] [debug] [25956]: VRNavigation: 0x12e35cbbc70
[2025-04-07 20:24:43.757] [RBXClient] [debug] [25956]: StyledTextLabel: 0x12e2ad2e370
[2025-04-07 20:24:43.816] [RBXClient] [info] [25956]: Hook set successfully
[2025-04-07 20:24:45.230] [RBXClient] [info] [25956]: Unhooked successfully after receiving ping from client
[2025-04-07 20:24:52.187] [WebSocket] [debug] Connection established for 'wss://as2-roblox-auth.luarmor.net:443/wshttpemu'
[2025-04-07 20:24:56.589] [Server] [error] Encountered an exception: create_directory: unknown error: "Lunor/AC"
[2025-04-07 20:24:56.623] [Server] [error] Encountered an exception: create_directory: unknown error: "Lunor/AC/settings"
[2025-04-07 20:24:58.355] [Server] [error] Encountered an exception: create_directory: unknown error: "Lunor/AC"
[2025-04-07 20:24:58.389] [Server] [error] Encountered an exception: create_directory: unknown error: "Lunor/AC/settings"
[2025-04-07 20:25:27.936] [WebSocket] [debug] WebSocket Closed for 'wss://as2-roblox-auth.luarmor.net:443/wshttpemu'
[2025-04-07 20:25:30.258] [RBXClient] [info] [25956]: Unhooked successfully after receiving ping from client
[2025-04-07 20:25:35.372] [RBXClient] [info] [25956]: Unhooked successfully after receiving ping from client
[2025-04-07 20:25:47.947] [WebSocket] [debug] Connection established for 'wss://au2-roblox-auth.luarmor.net:443/wshttpemu'
[2025-04-07 20:25:53.054] [Server] [error] Encountered an exception: create_directory: unknown error: "Lunor/AC"
[2025-04-07 20:25:53.087] [Server] [error] Encountered an exception: create_directory: unknown error: "Lunor/AC/settings"
[2025-04-07 20:25:54.822] [Server] [error] Encountered an exception: create_directory: unknown error: "Lunor/AC"
[2025-04-07 20:25:54.854] [Server] [error] Encountered an exception: create_directory: unknown error: "Lunor/AC/settings"
[2025-04-07 20:35:52.332] [WebSocket] [debug] WebSocket Closed for 'wss://au2-roblox-auth.luarmor.net:443/wshttpemu'
[2025-04-07 20:35:54.500] [RBXClient] [info] [25956]: Unhooked successfully after receiving ping from client
[2025-04-07 20:35:59.626] [RBXClient] [info] [25956]: Unhooked successfully after receiving ping from client
[2025-04-07 20:36:27.618] [WebSocket] [debug] Connection established for 'wss://as1-roblox-auth.luarmor.net:443/wshttpemu'
[2025-04-07 20:36:31.321] [Server] [error] Encountered an exception: create_directory: unknown error: "Lunor/AC"
[2025-04-07 20:36:31.345] [Server] [error] Encountered an exception: create_directory: unknown error: "Lunor/AC/settings"
[2025-04-07 20:36:33.078] [Server] [error] Encountered an exception: create_directory: unknown error: "Lunor/AC"
[2025-04-07 20:36:33.112] [Server] [error] Encountered an exception: create_directory: unknown error: "Lunor/AC/settings"
[2025-04-07 20:38:34.890] [WebSocket] [debug] WebSocket Closed for 'wss://as1-roblox-auth.luarmor.net:443/wshttpemu'
[2025-04-07 20:38:37.246] [RBXClient] [info] [25956]: Unhooked successfully after receiving ping from client
[2025-04-07 20:38:42.369] [RBXClient] [info] [25956]: Unhooked successfully after receiving ping from client
[2025-04-07 20:38:54.897] [WebSocket] [debug] Connection established for 'wss://au2-roblox-auth.luarmor.net:443/wshttpemu'
[2025-04-07 20:38:58.560] [Server] [error] Encountered an exception: create_directory: unknown error: "Lunor/AC"
[2025-04-07 20:38:58.619] [Server] [error] Encountered an exception: create_directory: unknown error: "Lunor/AC/settings"
[2025-04-07 20:39:00.339] [Server] [error] Encountered an exception: create_directory: unknown error: "Lunor/AC"
[2025-04-07 20:39:00.373] [Server] [error] Encountered an exception: create_directory: unknown error: "Lunor/AC/settings"
[2025-04-07 20:43:08.241] [WebSocket] [debug] WebSocket Closed for 'wss://au2-roblox-auth.luarmor.net:443/wshttpemu'
[2025-04-07 20:43:09.740] [RBXClient] [info] [25956]: Unhooked successfully after receiving ping from client
[2025-04-07 20:43:14.858] [RBXClient] [info] [25956]: Unhooked successfully after receiving ping from client
[2025-04-07 20:43:33.612] [WebSocket] [debug] Connection established for 'wss://as1-roblox-auth.luarmor.net:443/wshttpemu'
[2025-04-07 20:43:40.179] [Server] [error] Encountered an exception: create_directory: unknown error: "Lunor/AC"
[2025-04-07 20:43:40.212] [Server] [error] Encountered an exception: create_directory: unknown error: "Lunor/AC/settings"
[2025-04-07 20:43:41.947] [Server] [error] Encountered an exception: create_directory: unknown error: "Lunor/AC"
[2025-04-07 20:43:41.981] [Server] [error] Encountered an exception: create_directory: unknown error: "Lunor/AC/settings"
[2025-04-07 20:43:54.197] [WebSocket] [debug] WebSocket Closed for 'wss://as1-roblox-auth.luarmor.net:443/wshttpemu'
[2025-04-07 20:43:56.245] [RBXClient] [info] [25956]: Unhooked successfully after receiving ping from client
[2025-04-07 20:44:01.363] [RBXClient] [info] [25956]: Unhooked successfully after receiving ping from client
