[2025-04-05 16:17:35.823] [Xeno] [info] Version: Xeno - v1.1.7
[2025-04-05 16:17:35.823] [Xeno] [info] Logs stored in logs/2025-04-05_16-17-35.log
[2025-04-05 16:17:35.824] [Xeno] [debug] Client Checker thread: 0xb75157d6e0
[2025-04-05 16:17:35.824] [Xeno] [debug] Xeno Caching thread: 0xb75157d6d0
[2025-04-05 16:17:35.824] [Xeno] [debug] WebSockets Cleaner thread: 0xb75157d6c0
[2025-04-05 16:17:35.824] [Cache] [info] File: C:\Users\bp210\AppData\Local\Temp\XENO_CACHE.bin
[2025-04-05 16:17:35.824] [Xeno] [debug] Xeno Server thread: 0xb75157d6b0
[2025-04-05 16:17:35.825] [Cache] [info] Reattaching to cached client PID: 1768
[2025-04-05 16:17:35.826] [Cache] [info] Loaded cache: 1 RBXClients, 0 RBXBytecode, 0 RBXMFlags
[2025-04-05 16:17:35.827] [Xeno] [info] Creating new RBXClient: 1768
[2025-04-05 16:17:35.827] [RBXClient] [info] [1768]: Initializing...
[2025-04-05 16:17:35.827] [RBXClient] [info] [1768]: Version: version-347f4ac346734391
[2025-04-05 16:17:35.827] [Xeno] [debug] Created RBXClient instance @0x1bb826e8550
[2025-04-05 16:17:35.827] [Xeno] [info] Successfully created RBXClient: 1768
[2025-04-05 16:17:35.828] [Server] [info] Listening on http://localhost:3110
[2025-04-05 16:17:35.828] [RBXClient] [debug] [1768]: Getting RenderView...
[2025-04-05 16:17:35.840] [Xeno] [info] Terminated existing Xeno process: 8796
[2025-04-05 16:17:36.808] [RBXClient] [debug] [1768]: String: 0x1d0633088d0
[2025-04-05 16:17:36.809] [RBXClient] [debug] [1768]: Renderview: 0x1cfe3248890
[2025-04-05 16:17:36.809] [RBXClient] [debug] [1768]: DataModel: 0x1d0333ebd60
[2025-04-05 16:17:36.813] [RBXClient] [debug] [1768]: LocalPlayer: 0x1d0526beff0
[2025-04-05 16:17:36.813] [RBXClient] [debug] [1768]: LocalPlayer Name: 'lcg93'
[2025-04-05 16:17:36.820] [RBXClient] [info] [1768]: Client was already attached; handling functions...
