[2025-04-06 20:09:36.235] [Xeno] [info] Version: Xeno - v1.1.7
[2025-04-06 20:09:36.235] [Xeno] [info] Logs stored in logs/2025-04-06_20-09-36.log
[2025-04-06 20:09:36.236] [Xeno] [debug] Client Checker thread: 0x2162b7da60
[2025-04-06 20:09:36.236] [Xeno] [debug] Xeno Caching thread: 0x2162b7da50
[2025-04-06 20:09:36.236] [Xeno] [debug] WebSockets Cleaner thread: 0x2162b7da40
[2025-04-06 20:09:36.236] [Xeno] [debug] Xeno Server thread: 0x2162b7da30
[2025-04-06 20:09:36.236] [Cache] [info] File: C:\Users\bp210\AppData\Local\Temp\XENO_CACHE.bin
[2025-04-06 20:09:36.237] [Cache] [info] Reattaching to cached client PID: 13292
[2025-04-06 20:09:36.237] [Server] [info] Listening on http://localhost:3110
[2025-04-06 20:09:36.237] [Cache] [info] Loaded cache: 1 RBXClients, 0 RBXBytecode, 0 RBXMFlags
[2025-04-06 20:09:36.237] [Xeno] [info] Creating new RBXClient: 13292
[2025-04-06 20:09:36.237] [RBXClient] [info] [13292]: Initializing...
[2025-04-06 20:09:36.237] [RBXClient] [info] [13292]: Version: version-347f4ac346734391
[2025-04-06 20:09:36.237] [Xeno] [debug] Created RBXClient instance @0x1b9800bc810
[2025-04-06 20:09:36.238] [Xeno] [info] Successfully created RBXClient: 13292
[2025-04-06 20:09:36.239] [RBXClient] [debug] [13292]: Getting RenderView...
[2025-04-06 20:09:36.251] [Xeno] [info] Terminated existing Xeno process: 26080
[2025-04-06 20:09:36.368] [RBXClient] [debug] [13292]: String: 0x1c48c9c1e60
[2025-04-06 20:09:36.368] [RBXClient] [debug] [13292]: Renderview: 0x1c4c538b210
[2025-04-06 20:09:36.368] [RBXClient] [debug] [13292]: DataModel: 0x1c48c404720
[2025-04-06 20:09:36.373] [RBXClient] [debug] [13292]: LocalPlayer: 0x1c48b1a67a0
[2025-04-06 20:09:36.373] [RBXClient] [debug] [13292]: LocalPlayer Name: 'lcg93'
[2025-04-06 20:09:36.381] [RBXClient] [info] [13292]: Client was already attached; handling functions...
[2025-04-06 20:09:44.963] [WebSocket] [debug] Connection established for 'wss://as3-roblox-auth.luarmor.net:443/wshttpemu'
