[2025-05-08 21:12:28.595] [Xeno] [trace] Xeno is maintained by Rizve. If you find any bugs please report to rizve@xeno.now
[2025-05-08 21:12:28.595] [Xeno] [info] Version: Xeno - v1.1.9
[2025-05-08 21:12:28.595] [Xeno] [info] Logs stored in logs/2025-05-08_21-12-28.log
[2025-05-08 21:12:28.596] [Xeno] [debug] Client Checker thread: 0x4723d7d950
[2025-05-08 21:12:28.596] [Xeno] [debug] Xeno Caching thread: 0x4723d7d940
[2025-05-08 21:12:28.596] [Xeno] [debug] WebSockets Cleaner thread: 0x4723d7d930
[2025-05-08 21:12:28.596] [Xeno] [debug] Xeno Server thread: 0x4723d7d920
[2025-05-08 21:12:28.596] [Cache] [info] File: C:\Users\bp210\AppData\Local\Temp\XENO_CACHE.bin
[2025-05-08 21:12:28.597] [Cache] [info] Reattaching to cached client PID: 5920
[2025-05-08 21:12:28.597] [Cache] [info] Loaded cache: 1 RBXClients, 0 RBXBytecode, 0 RBXMFlags, 1 RBXRenderViews
[2025-05-08 21:12:28.597] [Xeno] [info] Creating new RBXClient: 5920
[2025-05-08 21:12:28.597] [RBXClient] [info] [5920]: Initializing...
[2025-05-08 21:12:28.597] [RBXClient] [info] [5920]: Version: version-1e91b4133e334c9c
[2025-05-08 21:12:28.597] [Xeno] [debug] Created RBXClient instance @0x1e7026c4d60
[2025-05-08 21:12:28.597] [Xeno] [info] Successfully created RBXClient: 5920
[2025-05-08 21:12:28.598] [Server] [info] Listening on http://localhost:3110
[2025-05-08 21:12:28.598] [RBXClient] [debug] [5920]: Getting RenderView...
[2025-05-08 21:12:28.598] [RBXClient] [info] [5920]: RenderView retrieved from Cache: 0x2964ab1df40
[2025-05-08 21:12:28.598] [RBXClient] [debug] [5920]: DataModel: 0x2961543db00
[2025-05-08 21:12:28.599] [RBXClient] [debug] [5920]: LocalPlayer: 0x29618d35df0
[2025-05-08 21:12:28.599] [RBXClient] [debug] [5920]: LocalPlayer Name: 'lcg93'
[2025-05-08 21:12:28.605] [RBXClient] [debug] [5920]: EventConnection: 0x296100d1ca0
[2025-05-08 21:12:28.609] [Xeno] [info] Terminated existing Xeno process: 12728
[2025-05-08 21:12:28.715] [RBXClient] [debug] [5920]: StyledTextLabel: 0x29610c5d2f0
[2025-05-08 21:12:28.785] [RBXClient] [debug] [5920]: StyledTextLabel SVMState: 0x0
[2025-05-08 21:12:28.785] [RBXClient] [info] [5920]: StyledTextLabel PerVMState was set to NotRunYet
[2025-05-08 21:12:48.808] [Execution] [error] [5920]: Could not find a CoreModule
[2025-05-08 21:13:52.210] [Execution] [error] [5920]: Could not find a CoreModule
[2025-05-08 21:13:52.426] [Execution] [error] [5920]: Could not find a CoreModule
