[2025-04-06 20:10:38.737] [Xeno] [info] Version: Xeno - v1.1.7
[2025-04-06 20:10:38.737] [Xeno] [info] Logs stored in logs/2025-04-06_20-10-38.log
[2025-04-06 20:10:38.738] [Xeno] [debug] Client Checker thread: 0xb190b7d990
[2025-04-06 20:10:38.738] [Xeno] [debug] Xeno Caching thread: 0xb190b7d980
[2025-04-06 20:10:38.738] [Xeno] [debug] WebSockets Cleaner thread: 0xb190b7d970
[2025-04-06 20:10:38.738] [Xeno] [debug] Xeno Server thread: 0xb190b7d960
[2025-04-06 20:10:38.738] [Cache] [info] File: C:\Users\bp210\AppData\Local\Temp\XENO_CACHE.bin
[2025-04-06 20:10:38.738] [Cache] [info] Reattaching to cached client PID: 2992
[2025-04-06 20:10:38.739] [Cache] [info] Loaded cache: 1 RBXClients, 0 RBXBytecode, 0 RBXMFlags
[2025-04-06 20:10:38.740] [Xeno] [info] Creating new RBXClient: 2992
[2025-04-06 20:10:38.740] [RBXClient] [info] [2992]: Initializing...
[2025-04-06 20:10:38.740] [RBXClient] [info] [2992]: Version: version-347f4ac346734391
[2025-04-06 20:10:38.740] [Xeno] [debug] Created RBXClient instance @0x1de801a22f0
[2025-04-06 20:10:38.740] [Xeno] [info] Successfully created RBXClient: 2992
[2025-04-06 20:10:38.740] [Server] [info] Listening on http://localhost:3110
[2025-04-06 20:10:38.741] [RBXClient] [debug] [2992]: Getting RenderView...
[2025-04-06 20:10:38.752] [Xeno] [info] Terminated existing Xeno process: 4492
[2025-04-06 20:10:39.293] [RBXClient] [debug] [2992]: String: 0x2557da57580
[2025-04-06 20:10:39.293] [RBXClient] [debug] [2992]: Renderview: 0x255544d75e0
[2025-04-06 20:10:39.293] [RBXClient] [debug] [2992]: DataModel: 0x2554c864a90
[2025-04-06 20:10:39.299] [RBXClient] [debug] [2992]: LocalPlayer: 0x255508007c0
[2025-04-06 20:10:39.299] [RBXClient] [debug] [2992]: LocalPlayer Name: 'lcg93'
[2025-04-06 20:10:39.590] [RBXClient] [debug] [2992]: EventConnectionEmbedded: 0x2551fa54d00
[2025-04-06 20:10:39.590] [RBXClient] [info] [2992]: Bytecode has been successfully set in menu.
